<?xml version="1.0" encoding="UTF-8"?>
<testng-results skipped="0" failed="0" total="1" passed="1">
  <reporter-output>
  </reporter-output>
  <suite name="Suite" duration-ms="4498" started-at="2020-06-26T07:42:03Z" finished-at="2020-06-26T07:42:08Z">
    <groups>
    </groups>
    <test name="Test" duration-ms="4498" started-at="2020-06-26T07:42:03Z" finished-at="2020-06-26T07:42:08Z">
      <class name="website.testcase.mozilla_headless_setlocation">
        <test-method status="PASS" signature="verifylocation()[pri:0, instance:website.testcase.mozilla_headless_setlocation@22f71333]" name="verifylocation" duration-ms="4487" started-at="2020-06-26T13:12:03Z" finished-at="2020-06-26T13:12:08Z">
          <reporter-output>
          </reporter-output>
        </test-method> <!-- verifylocation -->
      </class> <!-- website.testcase.mozilla_headless_setlocation -->
    </test> <!-- Test -->
  </suite> <!-- Suite -->
</testng-results>
