<?xml version="1.0" encoding="UTF-8"?>
<testng-results skipped="0" failed="0" total="1" passed="1">
  <reporter-output>
  </reporter-output>
  <suite name="Suite" duration-ms="26093" started-at="2019-08-24T12:12:37Z" finished-at="2019-08-24T12:13:03Z">
    <groups>
    </groups>
    <test name="Test" duration-ms="26093" started-at="2019-08-24T12:12:37Z" finished-at="2019-08-24T12:13:03Z">
      <class name="website.testcase.mozilla_headless_setlocation">
        <test-method status="PASS" signature="verifylocation()[pri:0, instance:website.testcase.mozilla_headless_setlocation@6bf256fa]" name="verifylocation" duration-ms="26078" started-at="2019-08-24T17:42:37Z" finished-at="2019-08-24T17:43:03Z">
          <reporter-output>
          </reporter-output>
        </test-method> <!-- verifylocation -->
      </class> <!-- website.testcase.mozilla_headless_setlocation -->
    </test> <!-- Test -->
  </suite> <!-- Suite -->
</testng-results>
