<?xml version="1.0" encoding="UTF-8"?>
<testng-results skipped="0" failed="0" ignored="0" total="1" passed="1">
  <reporter-output>
  </reporter-output>
  <suite name="Default suite" duration-ms="38991" started-at="2019-08-24T07:03:54Z" finished-at="2019-08-24T07:04:33Z">
    <groups>
    </groups>
    <test name="Default test" duration-ms="38991" started-at="2019-08-24T07:03:54Z" finished-at="2019-08-24T07:04:33Z">
      <class name="website.testcase.product_flow">
        <test-method status="PASS" signature="verify_product()[pri:0, instance:website.testcase.product_flow@77caeb3e]" name="verify_product" duration-ms="38932" started-at="2019-08-24T07:03:54Z" finished-at="2019-08-24T07:04:33Z">
          <reporter-output>
          </reporter-output>
        </test-method> <!-- verify_product -->
      </class> <!-- website.testcase.product_flow -->
    </test> <!-- Default test -->
  </suite> <!-- Default suite -->
</testng-results>
